<?xml version="1.0" encoding="UTF-8"?>
<!-- Generated by org.testng.reporters.JUnitReportReporter -->
<testsuite hostname="rajhansji" failures="0" tests="1" name="actitime.Demo" time="5.308" errors="0" timestamp="2023-09-15T19:54:29 IST" skipped="0">
  <testcase classname="actitime.Demo" name="test" time="5.308"/>
</testsuite> <!-- actitime.Demo -->
