<?xml version="1.0" encoding="UTF-8"?>
<!-- Generated by org.testng.reporters.JUnitReportReporter -->
<testsuite hostname="rajhansji" failures="0" tests="1" name="actitime.CreateNewProjectAndVerify" time="11.552" errors="0" timestamp="2023-09-15T23:03:30 IST" skipped="0">
  <testcase classname="actitime.CreateNewProjectAndVerify" name="CreateAndVerifyProject_Test" time="11.552"/>
</testsuite> <!-- actitime.CreateNewProjectAndVerify -->
